<?xml version="1.0" encoding="UTF-8"?>
<!-- Generated by org.testng.reporters.JUnitXMLReporter -->
<testsuite ignored="0" hostname="DESKTOP-C7NA17M" failures="0" tests="2" name="Default test" time="8.218" errors="0" timestamp="23 Feb 2021 13:12:52 GMT">
  <testcase classname="com.breakingbadapi.qa.test.BreakingAPITest" name="getBirthdayDate" time="6.593"/>
  <testcase classname="com.breakingbadapi.qa.test.BreakingAPITest" name="getNameAndPortrayed" time="1.097"/>
</testsuite> <!-- Default test -->
