<?xml version="1.0" encoding="UTF-8"?>
<!-- Generated by org.testng.reporters.JUnitXMLReporter -->
<testsuite ignored="1" hostname="DESKTOP-C7NA17M" failures="0" tests="1" name="Default test" time="4.314" errors="0" timestamp="23 Feb 2021 15:41:22 GMT">
  <testcase classname="com.breakingbadapi.qa.test.BreakingAPITest" name="getBirthdayDate" time="3.882"/>
  <testcase classname="com.breakingbadapi.qa.test.BreakingAPITest" name="getNameAndPortrayed" time="0.0">
    <ignored/>
  </testcase> <!-- getNameAndPortrayed -->
</testsuite> <!-- Default test -->
