<?xml version="1.0" encoding="UTF-8"?>
<testng-results ignored="1" total="2" passed="1" failed="0" skipped="0">
  <reporter-output>
  </reporter-output>
  <suite started-at="2021-02-23T15:41:17Z" name="Default suite" finished-at="2021-02-23T15:41:21Z" duration-ms="4314">
    <groups>
    </groups>
    <test started-at="2021-02-23T15:41:17Z" name="Default test" finished-at="2021-02-23T15:41:21Z" duration-ms="4314">
      <class name="com.breakingbadapi.qa.test.BreakingAPITest">
        <test-method is-config="true" signature="setUp()[pri:0, instance:com.breakingbadapi.qa.test.BreakingAPITest@43aaf813]" started-at="2021-02-23T15:41:17Z" name="setUp" finished-at="2021-02-23T15:41:17Z" duration-ms="13" status="PASS">
          <reporter-output>
          </reporter-output>
        </test-method> <!-- setUp -->
        <test-method signature="getBirthdayDate()[pri:0, instance:com.breakingbadapi.qa.test.BreakingAPITest@43aaf813]" started-at="2021-02-23T15:41:17Z" name="getBirthdayDate" finished-at="2021-02-23T15:41:21Z" duration-ms="3882" status="PASS">
          <reporter-output>
          </reporter-output>
        </test-method> <!-- getBirthdayDate -->
      </class> <!-- com.breakingbadapi.qa.test.BreakingAPITest -->
    </test> <!-- Default test -->
  </suite> <!-- Default suite -->
</testng-results>
