<?xml version="1.0" encoding="UTF-8"?>
<testng-results ignored="0" total="2" passed="2" failed="0" skipped="0">
  <reporter-output>
  </reporter-output>
  <suite started-at="2021-02-23T13:15:49Z" name="Regression" finished-at="2021-02-23T13:15:56Z" duration-ms="6903">
    <groups>
    </groups>
    <test started-at="2021-02-23T13:15:49Z" name="Test" finished-at="2021-02-23T13:15:56Z" duration-ms="6903">
      <class name="com.breakingbadapi.qa.test.BreakingAPITest">
        <test-method is-config="true" signature="setUp()[pri:0, instance:com.breakingbadapi.qa.test.BreakingAPITest@25bc0606]" started-at="2021-02-23T13:15:50Z" name="setUp" finished-at="2021-02-23T13:15:50Z" duration-ms="16" status="PASS">
          <reporter-output>
          </reporter-output>
        </test-method> <!-- setUp -->
        <test-method signature="getBirthdayDate()[pri:0, instance:com.breakingbadapi.qa.test.BreakingAPITest@25bc0606]" started-at="2021-02-23T13:15:50Z" name="getBirthdayDate" finished-at="2021-02-23T13:15:55Z" duration-ms="5280" status="PASS">
          <reporter-output>
          </reporter-output>
        </test-method> <!-- getBirthdayDate -->
        <test-method is-config="true" signature="setUp()[pri:0, instance:com.breakingbadapi.qa.test.BreakingAPITest@25bc0606]" started-at="2021-02-23T13:15:55Z" name="setUp" finished-at="2021-02-23T13:15:55Z" duration-ms="1" status="PASS">
          <reporter-output>
          </reporter-output>
        </test-method> <!-- setUp -->
        <test-method signature="getNameAndPortrayed()[pri:0, instance:com.breakingbadapi.qa.test.BreakingAPITest@25bc0606]" started-at="2021-02-23T13:15:55Z" name="getNameAndPortrayed" finished-at="2021-02-23T13:15:56Z" duration-ms="1140" status="PASS">
          <reporter-output>
          </reporter-output>
        </test-method> <!-- getNameAndPortrayed -->
      </class> <!-- com.breakingbadapi.qa.test.BreakingAPITest -->
    </test> <!-- Test -->
  </suite> <!-- Regression -->
</testng-results>
